{"C:\\Users\\gomes\\OneDrive\\Documents\\Proyectos_JavaScript\\Nodejs\\curso_udemy\\cashtracker\\Backend\\src\\server.ts": {"path":"C:\\Users\\gomes\\OneDrive\\Documents\\Proyectos_JavaScript\\Nodejs\\curso_udemy\\cashtracker\\Backend\\src\\server.ts","statementMap":{"0":{"start":{"line":8,"column":1},"end":{"line":8,"column":8}},"1":{"start":{"line":1,"column":0},"end":{"line":1,"column":29}},"2":{"start":{"line":3,"column":0},"end":{"line":3,"column":27}},"3":{"start":{"line":4,"column":0},"end":{"line":4,"column":32}},"4":{"start":{"line":5,"column":0},"end":{"line":5,"column":48}},"5":{"start":{"line":6,"column":0},"end":{"line":6,"column":44}},"6":{"start":{"line":9,"column":4},"end":{"line":16,"column":5}},"7":{"start":{"line":10,"column":8},"end":{"line":10,"column":null}},"8":{"start":{"line":11,"column":8},"end":{"line":11,"column":null}},"9":{"start":{"line":19,"column":0},"end":{"line":19,"column":null}},"10":{"start":{"line":20,"column":12},"end":{"line":20,"column":21}},"11":{"start":{"line":22,"column":0},"end":{"line":22,"column":null}},"12":{"start":{"line":24,"column":0},"end":{"line":24,"column":null}},"13":{"start":{"line":27,"column":0},"end":{"line":27,"column":null}},"14":{"start":{"line":29,"column":0},"end":{"line":29,"column":null}},"15":{"start":{"line":31,"column":0},"end":{"line":31,"column":null}}},"fnMap":{"0":{"name":"connectDB","decl":{"start":{"line":8,"column":23},"end":{"line":8,"column":32}},"loc":{"start":{"line":8,"column":32},"end":{"line":17,"column":1}}}},"branchMap":{},"s":{"0":1,"1":1,"2":1,"3":1,"4":1,"5":1,"6":1,"7":1,"8":1,"9":1,"10":1,"11":1,"12":1,"13":1,"14":1,"15":1},"f":{"0":1},"b":{}}
,"C:\\Users\\gomes\\OneDrive\\Documents\\Proyectos_JavaScript\\Nodejs\\curso_udemy\\cashtracker\\Backend\\src\\config\\db.ts": {"path":"C:\\Users\\gomes\\OneDrive\\Documents\\Proyectos_JavaScript\\Nodejs\\curso_udemy\\cashtracker\\Backend\\src\\config\\db.ts","statementMap":{"0":{"start":{"line":1,"column":0},"end":{"line":1,"column":48}},"1":{"start":{"line":2,"column":0},"end":{"line":2,"column":27}},"2":{"start":{"line":3,"column":0},"end":{"line":3,"column":16}},"3":{"start":{"line":5,"column":13},"end":{"line":13,"column":3}}},"fnMap":{},"branchMap":{},"s":{"0":1,"1":1,"2":1,"3":1},"f":{},"b":{}}
,"C:\\Users\\gomes\\OneDrive\\Documents\\Proyectos_JavaScript\\Nodejs\\curso_udemy\\cashtracker\\Backend\\src\\config\\limiter.ts": {"path":"C:\\Users\\gomes\\OneDrive\\Documents\\Proyectos_JavaScript\\Nodejs\\curso_udemy\\cashtracker\\Backend\\src\\config\\limiter.ts","statementMap":{"0":{"start":{"line":1,"column":0},"end":{"line":1,"column":46}},"1":{"start":{"line":3,"column":13},"end":{"line":9,"column":null}}},"fnMap":{},"branchMap":{"0":{"loc":{"start":{"line":5,"column":11},"end":{"line":5,"column":58}},"type":"cond-expr","locations":[{"start":{"line":5,"column":51},"end":{"line":5,"column":52}},{"start":{"line":5,"column":55},"end":{"line":5,"column":58}}]}},"s":{"0":1,"1":1},"f":{},"b":{"0":[0,1]}}
,"C:\\Users\\gomes\\OneDrive\\Documents\\Proyectos_JavaScript\\Nodejs\\curso_udemy\\cashtracker\\Backend\\src\\config\\nodemailer.ts": {"path":"C:\\Users\\gomes\\OneDrive\\Documents\\Proyectos_JavaScript\\Nodejs\\curso_udemy\\cashtracker\\Backend\\src\\config\\nodemailer.ts","statementMap":{"0":{"start":{"line":1,"column":0},"end":{"line":1,"column":35}},"1":{"start":{"line":2,"column":0},"end":{"line":2,"column":27}},"2":{"start":{"line":3,"column":0},"end":{"line":3,"column":16}},"3":{"start":{"line":14,"column":15},"end":{"line":23,"column":1}},"4":{"start":{"line":15,"column":4},"end":{"line":22,"column":null}},"5":{"start":{"line":26,"column":13},"end":{"line":26,"column":62}}},"fnMap":{"0":{"name":"(anonymous_1)","decl":{"start":{"line":14,"column":15},"end":{"line":14,"column":36}},"loc":{"start":{"line":14,"column":38},"end":{"line":23,"column":1}}}},"branchMap":{},"s":{"0":2,"1":2,"2":2,"3":2,"4":2,"5":2},"f":{"0":2},"b":{}}
,"C:\\Users\\gomes\\OneDrive\\Documents\\Proyectos_JavaScript\\Nodejs\\curso_udemy\\cashtracker\\Backend\\src\\controller\\BudgetController.ts": {"path":"C:\\Users\\gomes\\OneDrive\\Documents\\Proyectos_JavaScript\\Nodejs\\curso_udemy\\cashtracker\\Backend\\src\\controller\\BudgetController.ts","statementMap":{"0":{"start":{"line":2,"column":0},"end":{"line":2,"column":37}},"1":{"start":{"line":3,"column":0},"end":{"line":3,"column":39}},"2":{"start":{"line":7,"column":20},"end":{"line":23,"column":5}},"3":{"start":{"line":8,"column":8},"end":{"line":22,"column":9}},"4":{"start":{"line":9,"column":28},"end":{"line":16,"column":14}},"5":{"start":{"line":18,"column":12},"end":{"line":18,"column":null}},"6":{"start":{"line":21,"column":12},"end":{"line":21,"column":null}},"7":{"start":{"line":25,"column":20},"end":{"line":35,"column":5}},"8":{"start":{"line":27,"column":8},"end":{"line":34,"column":9}},"9":{"start":{"line":28,"column":26},"end":{"line":28,"column":55}},"10":{"start":{"line":29,"column":12},"end":{"line":29,"column":null}},"11":{"start":{"line":30,"column":12},"end":{"line":30,"column":null}},"12":{"start":{"line":31,"column":12},"end":{"line":31,"column":null}},"13":{"start":{"line":33,"column":12},"end":{"line":33,"column":null}},"14":{"start":{"line":37,"column":21},"end":{"line":43,"column":5}},"15":{"start":{"line":38,"column":23},"end":{"line":40,"column":10}},"16":{"start":{"line":42,"column":8},"end":{"line":42,"column":null}},"17":{"start":{"line":45,"column":24},"end":{"line":49,"column":5}},"18":{"start":{"line":46,"column":8},"end":{"line":46,"column":null}},"19":{"start":{"line":48,"column":8},"end":{"line":48,"column":null}},"20":{"start":{"line":51,"column":24},"end":{"line":54,"column":5}},"21":{"start":{"line":52,"column":8},"end":{"line":52,"column":null}},"22":{"start":{"line":53,"column":8},"end":{"line":53,"column":null}},"23":{"start":{"line":5,"column":0},"end":{"line":5,"column":13}}},"fnMap":{"0":{"name":"(anonymous_1)","decl":{"start":{"line":7,"column":20},"end":{"line":7,"column":25}},"loc":{"start":{"line":7,"column":58},"end":{"line":23,"column":5}}},"1":{"name":"(anonymous_2)","decl":{"start":{"line":25,"column":20},"end":{"line":25,"column":25}},"loc":{"start":{"line":25,"column":58},"end":{"line":35,"column":5}}},"2":{"name":"(anonymous_3)","decl":{"start":{"line":37,"column":21},"end":{"line":37,"column":26}},"loc":{"start":{"line":37,"column":59},"end":{"line":43,"column":5}}},"3":{"name":"(anonymous_4)","decl":{"start":{"line":45,"column":24},"end":{"line":45,"column":29}},"loc":{"start":{"line":45,"column":62},"end":{"line":49,"column":5}}},"4":{"name":"(anonymous_5)","decl":{"start":{"line":51,"column":24},"end":{"line":51,"column":29}},"loc":{"start":{"line":51,"column":62},"end":{"line":54,"column":5}}}},"branchMap":{},"s":{"0":2,"1":2,"2":2,"3":5,"4":5,"5":4,"6":1,"7":2,"8":3,"9":3,"10":2,"11":2,"12":2,"13":1,"14":2,"15":4,"16":4,"17":2,"18":2,"19":2,"20":2,"21":2,"22":2,"23":2},"f":{"0":5,"1":3,"2":4,"3":2,"4":2},"b":{}}
,"C:\\Users\\gomes\\OneDrive\\Documents\\Proyectos_JavaScript\\Nodejs\\curso_udemy\\cashtracker\\Backend\\src\\controller\\ExpenseController.ts": {"path":"C:\\Users\\gomes\\OneDrive\\Documents\\Proyectos_JavaScript\\Nodejs\\curso_udemy\\cashtracker\\Backend\\src\\controller\\ExpenseController.ts","statementMap":{"0":{"start":{"line":2,"column":0},"end":{"line":2,"column":39}},"1":{"start":{"line":6,"column":20},"end":{"line":16,"column":5}},"2":{"start":{"line":7,"column":8},"end":{"line":15,"column":9}},"3":{"start":{"line":8,"column":28},"end":{"line":8,"column":58}},"4":{"start":{"line":9,"column":12},"end":{"line":9,"column":null}},"5":{"start":{"line":10,"column":12},"end":{"line":10,"column":null}},"6":{"start":{"line":11,"column":12},"end":{"line":11,"column":null}},"7":{"start":{"line":13,"column":12},"end":{"line":13,"column":null}},"8":{"start":{"line":18,"column":21},"end":{"line":20,"column":5}},"9":{"start":{"line":19,"column":8},"end":{"line":19,"column":null}},"10":{"start":{"line":22,"column":24},"end":{"line":25,"column":5}},"11":{"start":{"line":23,"column":8},"end":{"line":23,"column":null}},"12":{"start":{"line":24,"column":8},"end":{"line":24,"column":null}},"13":{"start":{"line":27,"column":24},"end":{"line":30,"column":5}},"14":{"start":{"line":28,"column":8},"end":{"line":28,"column":null}},"15":{"start":{"line":29,"column":8},"end":{"line":29,"column":null}},"16":{"start":{"line":4,"column":0},"end":{"line":4,"column":13}}},"fnMap":{"0":{"name":"(anonymous_1)","decl":{"start":{"line":6,"column":20},"end":{"line":6,"column":25}},"loc":{"start":{"line":6,"column":58},"end":{"line":16,"column":5}}},"1":{"name":"(anonymous_2)","decl":{"start":{"line":18,"column":21},"end":{"line":18,"column":26}},"loc":{"start":{"line":18,"column":59},"end":{"line":20,"column":5}}},"2":{"name":"(anonymous_3)","decl":{"start":{"line":22,"column":24},"end":{"line":22,"column":29}},"loc":{"start":{"line":22,"column":62},"end":{"line":25,"column":5}}},"3":{"name":"(anonymous_4)","decl":{"start":{"line":27,"column":24},"end":{"line":27,"column":29}},"loc":{"start":{"line":27,"column":62},"end":{"line":30,"column":5}}}},"branchMap":{},"s":{"0":2,"1":2,"2":2,"3":2,"4":1,"5":1,"6":1,"7":1,"8":2,"9":1,"10":2,"11":1,"12":1,"13":2,"14":1,"15":1,"16":2},"f":{"0":2,"1":1,"2":1,"3":1},"b":{}}
,"C:\\Users\\gomes\\OneDrive\\Documents\\Proyectos_JavaScript\\Nodejs\\curso_udemy\\cashtracker\\Backend\\src\\controller\\authController.ts": {"path":"C:\\Users\\gomes\\OneDrive\\Documents\\Proyectos_JavaScript\\Nodejs\\curso_udemy\\cashtracker\\Backend\\src\\controller\\authController.ts","statementMap":{"0":{"start":{"line":2,"column":0},"end":{"line":2,"column":33}},"1":{"start":{"line":3,"column":0},"end":{"line":3,"column":58}},"2":{"start":{"line":4,"column":0},"end":{"line":4,"column":46}},"3":{"start":{"line":5,"column":0},"end":{"line":5,"column":46}},"4":{"start":{"line":6,"column":0},"end":{"line":6,"column":42}},"5":{"start":{"line":11,"column":27},"end":{"line":48,"column":5}},"6":{"start":{"line":12,"column":36},"end":{"line":12,"column":44}},"7":{"start":{"line":16,"column":27},"end":{"line":18,"column":10}},"8":{"start":{"line":19,"column":8},"end":{"line":23,"column":9}},"9":{"start":{"line":20,"column":26},"end":{"line":20,"column":59}},"10":{"start":{"line":21,"column":12},"end":{"line":21,"column":null}},"11":{"start":{"line":22,"column":12},"end":{"line":22,"column":18}},"12":{"start":{"line":23,"column":35},"end":{"line":23,"column":78}},"13":{"start":{"line":24,"column":8},"end":{"line":47,"column":9}},"14":{"start":{"line":25,"column":25},"end":{"line":25,"column":52}},"15":{"start":{"line":27,"column":12},"end":{"line":27,"column":null}},"16":{"start":{"line":29,"column":26},"end":{"line":29,"column":41}},"17":{"start":{"line":30,"column":12},"end":{"line":30,"column":31}},"18":{"start":{"line":32,"column":12},"end":{"line":34,"column":13}},"19":{"start":{"line":33,"column":16},"end":{"line":33,"column":null}},"20":{"start":{"line":37,"column":12},"end":{"line":37,"column":null}},"21":{"start":{"line":38,"column":12},"end":{"line":42,"column":null}},"22":{"start":{"line":43,"column":12},"end":{"line":43,"column":null}},"23":{"start":{"line":46,"column":12},"end":{"line":46,"column":null}},"24":{"start":{"line":50,"column":28},"end":{"line":66,"column":5}},"25":{"start":{"line":51,"column":26},"end":{"line":51,"column":34}},"26":{"start":{"line":53,"column":21},"end":{"line":53,"column":63}},"27":{"start":{"line":55,"column":8},"end":{"line":59,"column":9}},"28":{"start":{"line":56,"column":26},"end":{"line":56,"column":54}},"29":{"start":{"line":57,"column":12},"end":{"line":57,"column":null}},"30":{"start":{"line":58,"column":12},"end":{"line":58,"column":18}},"31":{"start":{"line":61,"column":8},"end":{"line":61,"column":null}},"32":{"start":{"line":62,"column":8},"end":{"line":62,"column":null}},"33":{"start":{"line":63,"column":8},"end":{"line":63,"column":null}},"34":{"start":{"line":65,"column":8},"end":{"line":65,"column":null}},"35":{"start":{"line":68,"column":19},"end":{"line":99,"column":5}},"36":{"start":{"line":69,"column":36},"end":{"line":69,"column":44}},"37":{"start":{"line":73,"column":21},"end":{"line":75,"column":10}},"38":{"start":{"line":76,"column":8},"end":{"line":80,"column":9}},"39":{"start":{"line":77,"column":26},"end":{"line":77,"column":60}},"40":{"start":{"line":78,"column":12},"end":{"line":78,"column":null}},"41":{"start":{"line":79,"column":12},"end":{"line":79,"column":18}},"42":{"start":{"line":81,"column":8},"end":{"line":85,"column":9}},"43":{"start":{"line":82,"column":26},"end":{"line":82,"column":70}},"44":{"start":{"line":83,"column":12},"end":{"line":83,"column":null}},"45":{"start":{"line":84,"column":12},"end":{"line":84,"column":18}},"46":{"start":{"line":87,"column":34},"end":{"line":87,"column":78}},"47":{"start":{"line":89,"column":8},"end":{"line":93,"column":9}},"48":{"start":{"line":90,"column":26},"end":{"line":90,"column":66}},"49":{"start":{"line":91,"column":12},"end":{"line":91,"column":null}},"50":{"start":{"line":92,"column":12},"end":{"line":92,"column":18}},"51":{"start":{"line":94,"column":22},"end":{"line":94,"column":42}},"52":{"start":{"line":96,"column":8},"end":{"line":96,"column":null}},"53":{"start":{"line":101,"column":28},"end":{"line":124,"column":5}},"54":{"start":{"line":102,"column":26},"end":{"line":102,"column":34}},"55":{"start":{"line":106,"column":21},"end":{"line":108,"column":10}},"56":{"start":{"line":109,"column":8},"end":{"line":113,"column":9}},"57":{"start":{"line":110,"column":26},"end":{"line":110,"column":60}},"58":{"start":{"line":111,"column":12},"end":{"line":111,"column":null}},"59":{"start":{"line":112,"column":12},"end":{"line":112,"column":18}},"60":{"start":{"line":114,"column":8},"end":{"line":114,"column":null}},"61":{"start":{"line":115,"column":8},"end":{"line":115,"column":null}},"62":{"start":{"line":117,"column":8},"end":{"line":121,"column":null}},"63":{"start":{"line":123,"column":8},"end":{"line":123,"column":null}},"64":{"start":{"line":126,"column":27},"end":{"line":135,"column":5}},"65":{"start":{"line":127,"column":26},"end":{"line":127,"column":34}},"66":{"start":{"line":128,"column":28},"end":{"line":128,"column":68}},"67":{"start":{"line":129,"column":8},"end":{"line":133,"column":9}},"68":{"start":{"line":130,"column":26},"end":{"line":130,"column":54}},"69":{"start":{"line":131,"column":12},"end":{"line":131,"column":null}},"70":{"start":{"line":132,"column":12},"end":{"line":132,"column":18}},"71":{"start":{"line":134,"column":8},"end":{"line":134,"column":null}},"72":{"start":{"line":137,"column":36},"end":{"line":152,"column":5}},"73":{"start":{"line":138,"column":26},"end":{"line":138,"column":36}},"74":{"start":{"line":139,"column":29},"end":{"line":139,"column":37}},"75":{"start":{"line":140,"column":21},"end":{"line":140,"column":61}},"76":{"start":{"line":141,"column":8},"end":{"line":145,"column":9}},"77":{"start":{"line":142,"column":26},"end":{"line":142,"column":54}},"78":{"start":{"line":143,"column":12},"end":{"line":143,"column":null}},"79":{"start":{"line":144,"column":12},"end":{"line":144,"column":18}},"80":{"start":{"line":147,"column":8},"end":{"line":147,"column":null}},"81":{"start":{"line":148,"column":8},"end":{"line":148,"column":null}},"82":{"start":{"line":149,"column":8},"end":{"line":149,"column":null}},"83":{"start":{"line":151,"column":8},"end":{"line":151,"column":null}},"84":{"start":{"line":155,"column":18},"end":{"line":157,"column":5}},"85":{"start":{"line":156,"column":8},"end":{"line":156,"column":null}},"86":{"start":{"line":159,"column":39},"end":{"line":176,"column":5}},"87":{"start":{"line":161,"column":47},"end":{"line":161,"column":55}},"88":{"start":{"line":162,"column":23},"end":{"line":162,"column":31}},"89":{"start":{"line":163,"column":21},"end":{"line":163,"column":44}},"90":{"start":{"line":165,"column":34},"end":{"line":165,"column":80}},"91":{"start":{"line":167,"column":8},"end":{"line":171,"column":9}},"92":{"start":{"line":168,"column":26},"end":{"line":168,"column":65}},"93":{"start":{"line":169,"column":12},"end":{"line":169,"column":null}},"94":{"start":{"line":170,"column":12},"end":{"line":170,"column":18}},"95":{"start":{"line":172,"column":8},"end":{"line":172,"column":null}},"96":{"start":{"line":173,"column":8},"end":{"line":173,"column":null}},"97":{"start":{"line":175,"column":8},"end":{"line":175,"column":null}},"98":{"start":{"line":178,"column":27},"end":{"line":191,"column":5}},"99":{"start":{"line":179,"column":29},"end":{"line":179,"column":37}},"100":{"start":{"line":180,"column":23},"end":{"line":180,"column":31}},"101":{"start":{"line":182,"column":21},"end":{"line":182,"column":44}},"102":{"start":{"line":184,"column":34},"end":{"line":184,"column":78}},"103":{"start":{"line":185,"column":8},"end":{"line":189,"column":9}},"104":{"start":{"line":186,"column":26},"end":{"line":186,"column":71}},"105":{"start":{"line":187,"column":12},"end":{"line":187,"column":null}},"106":{"start":{"line":188,"column":12},"end":{"line":188,"column":18}},"107":{"start":{"line":190,"column":8},"end":{"line":190,"column":null}},"108":{"start":{"line":9,"column":0},"end":{"line":9,"column":13}}},"fnMap":{"0":{"name":"(anonymous_1)","decl":{"start":{"line":11,"column":27},"end":{"line":11,"column":32}},"loc":{"start":{"line":11,"column":65},"end":{"line":48,"column":5}}},"1":{"name":"(anonymous_2)","decl":{"start":{"line":50,"column":28},"end":{"line":50,"column":33}},"loc":{"start":{"line":50,"column":66},"end":{"line":66,"column":5}}},"2":{"name":"(anonymous_3)","decl":{"start":{"line":68,"column":19},"end":{"line":68,"column":24}},"loc":{"start":{"line":68,"column":57},"end":{"line":99,"column":5}}},"3":{"name":"(anonymous_4)","decl":{"start":{"line":101,"column":28},"end":{"line":101,"column":33}},"loc":{"start":{"line":101,"column":66},"end":{"line":124,"column":5}}},"4":{"name":"(anonymous_5)","decl":{"start":{"line":126,"column":27},"end":{"line":126,"column":32}},"loc":{"start":{"line":126,"column":65},"end":{"line":135,"column":5}}},"5":{"name":"(anonymous_6)","decl":{"start":{"line":137,"column":36},"end":{"line":137,"column":41}},"loc":{"start":{"line":137,"column":74},"end":{"line":152,"column":5}}},"6":{"name":"(anonymous_7)","decl":{"start":{"line":155,"column":18},"end":{"line":155,"column":23}},"loc":{"start":{"line":155,"column":56},"end":{"line":157,"column":5}}},"7":{"name":"(anonymous_8)","decl":{"start":{"line":159,"column":39},"end":{"line":159,"column":44}},"loc":{"start":{"line":159,"column":77},"end":{"line":176,"column":5}}},"8":{"name":"(anonymous_9)","decl":{"start":{"line":178,"column":27},"end":{"line":178,"column":32}},"loc":{"start":{"line":178,"column":65},"end":{"line":191,"column":5}}}},"branchMap":{"0":{"loc":{"start":{"line":19,"column":8},"end":{"line":23,"column":9}},"type":"if","locations":[{"start":{"line":19,"column":8},"end":{"line":23,"column":9}}]},"1":{"loc":{"start":{"line":32,"column":12},"end":{"line":34,"column":13}},"type":"if","locations":[{"start":{"line":32,"column":12},"end":{"line":34,"column":13}}]},"2":{"loc":{"start":{"line":55,"column":8},"end":{"line":59,"column":9}},"type":"if","locations":[{"start":{"line":55,"column":8},"end":{"line":59,"column":9}}]},"3":{"loc":{"start":{"line":76,"column":8},"end":{"line":80,"column":9}},"type":"if","locations":[{"start":{"line":76,"column":8},"end":{"line":80,"column":9}}]},"4":{"loc":{"start":{"line":81,"column":8},"end":{"line":85,"column":9}},"type":"if","locations":[{"start":{"line":81,"column":8},"end":{"line":85,"column":9}}]},"5":{"loc":{"start":{"line":89,"column":8},"end":{"line":93,"column":9}},"type":"if","locations":[{"start":{"line":89,"column":8},"end":{"line":93,"column":9}}]},"6":{"loc":{"start":{"line":109,"column":8},"end":{"line":113,"column":9}},"type":"if","locations":[{"start":{"line":109,"column":8},"end":{"line":113,"column":9}}]},"7":{"loc":{"start":{"line":129,"column":8},"end":{"line":133,"column":9}},"type":"if","locations":[{"start":{"line":129,"column":8},"end":{"line":133,"column":9}}]},"8":{"loc":{"start":{"line":141,"column":8},"end":{"line":145,"column":9}},"type":"if","locations":[{"start":{"line":141,"column":8},"end":{"line":145,"column":9}}]},"9":{"loc":{"start":{"line":167,"column":8},"end":{"line":171,"column":9}},"type":"if","locations":[{"start":{"line":167,"column":8},"end":{"line":171,"column":9}}]},"10":{"loc":{"start":{"line":185,"column":8},"end":{"line":189,"column":9}},"type":"if","locations":[{"start":{"line":185,"column":8},"end":{"line":189,"column":9}}]}},"s":{"0":2,"1":2,"2":2,"3":2,"4":2,"5":2,"6":4,"7":4,"8":4,"9":2,"10":2,"11":2,"12":2,"13":2,"14":2,"15":2,"16":2,"17":2,"18":2,"19":2,"20":2,"21":2,"22":2,"23":0,"24":2,"25":2,"26":2,"27":2,"28":1,"29":1,"30":1,"31":1,"32":1,"33":1,"34":1,"35":2,"36":13,"37":13,"38":13,"39":2,"40":2,"41":2,"42":11,"43":2,"44":2,"45":2,"46":9,"47":9,"48":2,"49":2,"50":2,"51":7,"52":7,"53":2,"54":0,"55":0,"56":0,"57":0,"58":0,"59":0,"60":0,"61":0,"62":0,"63":0,"64":2,"65":0,"66":0,"67":0,"68":0,"69":0,"70":0,"71":0,"72":2,"73":0,"74":0,"75":0,"76":0,"77":0,"78":0,"79":0,"80":0,"81":0,"82":0,"83":0,"84":2,"85":0,"86":2,"87":0,"88":0,"89":0,"90":0,"91":0,"92":0,"93":0,"94":0,"95":0,"96":0,"97":0,"98":2,"99":0,"100":0,"101":0,"102":0,"103":0,"104":0,"105":0,"106":0,"107":0,"108":2},"f":{"0":4,"1":2,"2":13,"3":0,"4":0,"5":0,"6":0,"7":0,"8":0},"b":{"0":[2],"1":[2],"2":[1],"3":[2],"4":[2],"5":[2],"6":[0],"7":[0],"8":[0],"9":[0],"10":[0]}}
,"C:\\Users\\gomes\\OneDrive\\Documents\\Proyectos_JavaScript\\Nodejs\\curso_udemy\\cashtracker\\Backend\\src\\email\\AuthEmail.ts": {"path":"C:\\Users\\gomes\\OneDrive\\Documents\\Proyectos_JavaScript\\Nodejs\\curso_udemy\\cashtracker\\Backend\\src\\email\\AuthEmail.ts","statementMap":{"0":{"start":{"line":1,"column":0},"end":{"line":1,"column":48}},"1":{"start":{"line":11,"column":35},"end":{"line":24,"column":5}},"2":{"start":{"line":12,"column":22},"end":{"line":22,"column":10}},"3":{"start":{"line":23,"column":8},"end":{"line":23,"column":null}},"4":{"start":{"line":25,"column":36},"end":{"line":38,"column":5}},"5":{"start":{"line":26,"column":22},"end":{"line":36,"column":10}},"6":{"start":{"line":37,"column":8},"end":{"line":37,"column":null}},"7":{"start":{"line":10,"column":0},"end":{"line":10,"column":13}}},"fnMap":{"0":{"name":"(anonymous_0)","decl":{"start":{"line":11,"column":35},"end":{"line":11,"column":40}},"loc":{"start":{"line":11,"column":62},"end":{"line":24,"column":5}}},"1":{"name":"(anonymous_1)","decl":{"start":{"line":25,"column":36},"end":{"line":25,"column":41}},"loc":{"start":{"line":25,"column":63},"end":{"line":38,"column":5}}}},"branchMap":{},"s":{"0":2,"1":2,"2":1,"3":1,"4":2,"5":0,"6":0,"7":2},"f":{"0":1,"1":0},"b":{}}
,"C:\\Users\\gomes\\OneDrive\\Documents\\Proyectos_JavaScript\\Nodejs\\curso_udemy\\cashtracker\\Backend\\src\\middleware\\auth.ts": {"path":"C:\\Users\\gomes\\OneDrive\\Documents\\Proyectos_JavaScript\\Nodejs\\curso_udemy\\cashtracker\\Backend\\src\\middleware\\auth.ts","statementMap":{"0":{"start":{"line":2,"column":0},"end":{"line":2,"column":30}},"1":{"start":{"line":3,"column":0},"end":{"line":3,"column":33}},"2":{"start":{"line":13,"column":28},"end":{"line":41,"column":1}},"3":{"start":{"line":14,"column":19},"end":{"line":14,"column":44}},"4":{"start":{"line":16,"column":8},"end":{"line":20,"column":9}},"5":{"start":{"line":17,"column":26},"end":{"line":17,"column":52}},"6":{"start":{"line":18,"column":12},"end":{"line":18,"column":null}},"7":{"start":{"line":19,"column":12},"end":{"line":19,"column":18}},"8":{"start":{"line":21,"column":26},"end":{"line":21,"column":43}},"9":{"start":{"line":23,"column":8},"end":{"line":27,"column":9}},"10":{"start":{"line":24,"column":26},"end":{"line":24,"column":58}},"11":{"start":{"line":25,"column":12},"end":{"line":25,"column":null}},"12":{"start":{"line":26,"column":12},"end":{"line":26,"column":18}},"13":{"start":{"line":29,"column":8},"end":{"line":40,"column":9}},"14":{"start":{"line":30,"column":28},"end":{"line":30,"column":73}},"15":{"start":{"line":31,"column":12},"end":{"line":36,"column":13}},"16":{"start":{"line":32,"column":16},"end":{"line":34,"column":null}},"17":{"start":{"line":35,"column":16},"end":{"line":35,"column":null}},"18":{"start":{"line":39,"column":12},"end":{"line":39,"column":null}},"19":{"start":{"line":13,"column":13},"end":{"line":13,"column":28}}},"fnMap":{"0":{"name":"(anonymous_1)","decl":{"start":{"line":13,"column":28},"end":{"line":13,"column":33}},"loc":{"start":{"line":13,"column":86},"end":{"line":41,"column":1}}}},"branchMap":{"0":{"loc":{"start":{"line":16,"column":8},"end":{"line":20,"column":9}},"type":"if","locations":[{"start":{"line":16,"column":8},"end":{"line":20,"column":9}}]},"1":{"loc":{"start":{"line":23,"column":8},"end":{"line":27,"column":9}},"type":"if","locations":[{"start":{"line":23,"column":8},"end":{"line":27,"column":9}}]},"2":{"loc":{"start":{"line":31,"column":12},"end":{"line":36,"column":13}},"type":"if","locations":[{"start":{"line":31,"column":12},"end":{"line":36,"column":13}}]},"3":{"loc":{"start":{"line":31,"column":16},"end":{"line":31,"column":57}},"type":"binary-expr","locations":[{"start":{"line":31,"column":16},"end":{"line":31,"column":43}},{"start":{"line":31,"column":47},"end":{"line":31,"column":57}}]}},"s":{"0":1,"1":1,"2":1,"3":15,"4":15,"5":5,"6":5,"7":5,"8":10,"9":10,"10":0,"11":0,"12":0,"13":10,"14":10,"15":9,"16":9,"17":9,"18":1,"19":1},"f":{"0":15},"b":{"0":[5],"1":[0],"2":[9],"3":[9,9]}}
,"C:\\Users\\gomes\\OneDrive\\Documents\\Proyectos_JavaScript\\Nodejs\\curso_udemy\\cashtracker\\Backend\\src\\middleware\\budget.ts": {"path":"C:\\Users\\gomes\\OneDrive\\Documents\\Proyectos_JavaScript\\Nodejs\\curso_udemy\\cashtracker\\Backend\\src\\middleware\\budget.ts","statementMap":{"0":{"start":{"line":61,"column":0},"end":{"line":61,"column":16}},"1":{"start":{"line":2,"column":0},"end":{"line":2,"column":65}},"2":{"start":{"line":3,"column":0},"end":{"line":3,"column":37}},"3":{"start":{"line":13,"column":31},"end":{"line":26,"column":1}},"4":{"start":{"line":16,"column":4},"end":{"line":17,"column":null}},"5":{"start":{"line":17,"column":25},"end":{"line":17,"column":34}},"6":{"start":{"line":19,"column":17},"end":{"line":19,"column":38}},"7":{"start":{"line":20,"column":4},"end":{"line":23,"column":5}},"8":{"start":{"line":21,"column":8},"end":{"line":21,"column":null}},"9":{"start":{"line":22,"column":8},"end":{"line":22,"column":14}},"10":{"start":{"line":25,"column":4},"end":{"line":25,"column":null}},"11":{"start":{"line":13,"column":13},"end":{"line":13,"column":31}},"12":{"start":{"line":29,"column":34},"end":{"line":47,"column":1}},"13":{"start":{"line":31,"column":4},"end":{"line":45,"column":5}},"14":{"start":{"line":32,"column":29},"end":{"line":32,"column":39}},"15":{"start":{"line":34,"column":23},"end":{"line":34,"column":54}},"16":{"start":{"line":36,"column":8},"end":{"line":40,"column":9}},"17":{"start":{"line":37,"column":26},"end":{"line":37,"column":64}},"18":{"start":{"line":38,"column":12},"end":{"line":38,"column":null}},"19":{"start":{"line":39,"column":12},"end":{"line":39,"column":18}},"20":{"start":{"line":41,"column":8},"end":{"line":41,"column":null}},"21":{"start":{"line":42,"column":8},"end":{"line":42,"column":null}},"22":{"start":{"line":44,"column":8},"end":{"line":44,"column":null}},"23":{"start":{"line":29,"column":13},"end":{"line":29,"column":34}},"24":{"start":{"line":49,"column":33},"end":{"line":59,"column":1}},"25":{"start":{"line":51,"column":4},"end":{"line":51,"column":null}},"26":{"start":{"line":53,"column":4},"end":{"line":55,"column":null}},"27":{"start":{"line":55,"column":29},"end":{"line":55,"column":38}},"28":{"start":{"line":57,"column":4},"end":{"line":57,"column":null}},"29":{"start":{"line":49,"column":13},"end":{"line":49,"column":33}},"30":{"start":{"line":62,"column":4},"end":{"line":66,"column":5}},"31":{"start":{"line":63,"column":22},"end":{"line":63,"column":51}},"32":{"start":{"line":64,"column":8},"end":{"line":64,"column":null}},"33":{"start":{"line":65,"column":8},"end":{"line":65,"column":14}},"34":{"start":{"line":67,"column":4},"end":{"line":67,"column":null}}},"fnMap":{"0":{"name":"(anonymous_1)","decl":{"start":{"line":13,"column":31},"end":{"line":13,"column":36}},"loc":{"start":{"line":13,"column":89},"end":{"line":26,"column":1}}},"1":{"name":"(anonymous_2)","decl":{"start":{"line":17,"column":16},"end":{"line":17,"column":21}},"loc":{"start":{"line":17,"column":25},"end":{"line":17,"column":34}}},"2":{"name":"(anonymous_3)","decl":{"start":{"line":29,"column":34},"end":{"line":29,"column":39}},"loc":{"start":{"line":29,"column":92},"end":{"line":47,"column":1}}},"3":{"name":"(anonymous_4)","decl":{"start":{"line":49,"column":33},"end":{"line":49,"column":38}},"loc":{"start":{"line":49,"column":91},"end":{"line":59,"column":1}}},"4":{"name":"(anonymous_5)","decl":{"start":{"line":55,"column":20},"end":{"line":55,"column":25}},"loc":{"start":{"line":55,"column":29},"end":{"line":55,"column":38}}},"5":{"name":"hasAccess","decl":{"start":{"line":61,"column":16},"end":{"line":61,"column":25}},"loc":{"start":{"line":61,"column":73},"end":{"line":68,"column":1}}}},"branchMap":{"0":{"loc":{"start":{"line":20,"column":4},"end":{"line":23,"column":5}},"type":"if","locations":[{"start":{"line":20,"column":4},"end":{"line":23,"column":5}}]},"1":{"loc":{"start":{"line":36,"column":8},"end":{"line":40,"column":9}},"type":"if","locations":[{"start":{"line":36,"column":8},"end":{"line":40,"column":9}}]},"2":{"loc":{"start":{"line":62,"column":4},"end":{"line":66,"column":5}},"type":"if","locations":[{"start":{"line":62,"column":4},"end":{"line":66,"column":5}}]}},"s":{"0":3,"1":3,"2":3,"3":3,"4":6,"5":6,"6":6,"7":6,"8":0,"9":0,"10":6,"11":3,"12":3,"13":9,"14":9,"15":9,"16":8,"17":3,"18":3,"19":3,"20":5,"21":5,"22":1,"23":3,"24":3,"25":4,"26":4,"27":4,"28":4,"29":3,"30":7,"31":2,"32":2,"33":2,"34":5},"f":{"0":6,"1":6,"2":9,"3":4,"4":4,"5":7},"b":{"0":[0],"1":[3],"2":[2]}}
,"C:\\Users\\gomes\\OneDrive\\Documents\\Proyectos_JavaScript\\Nodejs\\curso_udemy\\cashtracker\\Backend\\src\\middleware\\expense.ts": {"path":"C:\\Users\\gomes\\OneDrive\\Documents\\Proyectos_JavaScript\\Nodejs\\curso_udemy\\cashtracker\\Backend\\src\\middleware\\expense.ts","statementMap":{"0":{"start":{"line":2,"column":0},"end":{"line":2,"column":65}},"1":{"start":{"line":3,"column":0},"end":{"line":3,"column":39}},"2":{"start":{"line":14,"column":35},"end":{"line":24,"column":1}},"3":{"start":{"line":16,"column":4},"end":{"line":16,"column":null}},"4":{"start":{"line":18,"column":4},"end":{"line":20,"column":null}},"5":{"start":{"line":20,"column":29},"end":{"line":20,"column":38}},"6":{"start":{"line":22,"column":4},"end":{"line":22,"column":null}},"7":{"start":{"line":14,"column":13},"end":{"line":14,"column":35}},"8":{"start":{"line":25,"column":37},"end":{"line":42,"column":1}},"9":{"start":{"line":27,"column":4},"end":{"line":41,"column":5}},"10":{"start":{"line":28,"column":30},"end":{"line":28,"column":40}},"11":{"start":{"line":30,"column":24},"end":{"line":30,"column":57}},"12":{"start":{"line":32,"column":8},"end":{"line":36,"column":9}},"13":{"start":{"line":33,"column":26},"end":{"line":33,"column":58}},"14":{"start":{"line":34,"column":12},"end":{"line":34,"column":null}},"15":{"start":{"line":35,"column":12},"end":{"line":35,"column":18}},"16":{"start":{"line":37,"column":8},"end":{"line":37,"column":null}},"17":{"start":{"line":38,"column":8},"end":{"line":38,"column":null}},"18":{"start":{"line":40,"column":8},"end":{"line":40,"column":null}},"19":{"start":{"line":25,"column":13},"end":{"line":25,"column":37}},"20":{"start":{"line":44,"column":33},"end":{"line":57,"column":1}},"21":{"start":{"line":46,"column":4},"end":{"line":47,"column":null}},"22":{"start":{"line":46,"column":53},"end":{"line":46,"column":62}},"23":{"start":{"line":49,"column":17},"end":{"line":49,"column":38}},"24":{"start":{"line":50,"column":4},"end":{"line":53,"column":5}},"25":{"start":{"line":51,"column":8},"end":{"line":51,"column":null}},"26":{"start":{"line":52,"column":8},"end":{"line":52,"column":14}},"27":{"start":{"line":56,"column":4},"end":{"line":56,"column":null}},"28":{"start":{"line":44,"column":13},"end":{"line":44,"column":33}}},"fnMap":{"0":{"name":"(anonymous_1)","decl":{"start":{"line":14,"column":35},"end":{"line":14,"column":40}},"loc":{"start":{"line":14,"column":93},"end":{"line":24,"column":1}}},"1":{"name":"(anonymous_2)","decl":{"start":{"line":20,"column":20},"end":{"line":20,"column":25}},"loc":{"start":{"line":20,"column":29},"end":{"line":20,"column":38}}},"2":{"name":"(anonymous_3)","decl":{"start":{"line":25,"column":37},"end":{"line":25,"column":42}},"loc":{"start":{"line":25,"column":95},"end":{"line":42,"column":1}}},"3":{"name":"(anonymous_4)","decl":{"start":{"line":44,"column":33},"end":{"line":44,"column":38}},"loc":{"start":{"line":44,"column":91},"end":{"line":57,"column":1}}},"4":{"name":"(anonymous_5)","decl":{"start":{"line":46,"column":44},"end":{"line":46,"column":49}},"loc":{"start":{"line":46,"column":53},"end":{"line":46,"column":62}}}},"branchMap":{"0":{"loc":{"start":{"line":32,"column":8},"end":{"line":36,"column":9}},"type":"if","locations":[{"start":{"line":32,"column":8},"end":{"line":36,"column":9}}]},"1":{"loc":{"start":{"line":50,"column":4},"end":{"line":53,"column":5}},"type":"if","locations":[{"start":{"line":50,"column":4},"end":{"line":53,"column":5}}]}},"s":{"0":2,"1":2,"2":2,"3":0,"4":0,"5":0,"6":0,"7":2,"8":2,"9":3,"10":3,"11":3,"12":2,"13":1,"14":1,"15":1,"16":1,"17":1,"18":1,"19":2,"20":2,"21":0,"22":0,"23":0,"24":0,"25":0,"26":0,"27":0,"28":2},"f":{"0":0,"1":0,"2":3,"3":0,"4":0},"b":{"0":[1],"1":[0]}}
,"C:\\Users\\gomes\\OneDrive\\Documents\\Proyectos_JavaScript\\Nodejs\\curso_udemy\\cashtracker\\Backend\\src\\middleware\\validation.ts": {"path":"C:\\Users\\gomes\\OneDrive\\Documents\\Proyectos_JavaScript\\Nodejs\\curso_udemy\\cashtracker\\Backend\\src\\middleware\\validation.ts","statementMap":{"0":{"start":{"line":2,"column":0},"end":{"line":2,"column":52}},"1":{"start":{"line":4,"column":33},"end":{"line":11,"column":1}},"2":{"start":{"line":5,"column":17},"end":{"line":5,"column":38}},"3":{"start":{"line":6,"column":4},"end":{"line":9,"column":5}},"4":{"start":{"line":7,"column":8},"end":{"line":7,"column":null}},"5":{"start":{"line":8,"column":8},"end":{"line":8,"column":14}},"6":{"start":{"line":10,"column":4},"end":{"line":10,"column":null}},"7":{"start":{"line":4,"column":13},"end":{"line":4,"column":33}}},"fnMap":{"0":{"name":"(anonymous_0)","decl":{"start":{"line":4,"column":33},"end":{"line":4,"column":34}},"loc":{"start":{"line":4,"column":85},"end":{"line":11,"column":1}}}},"branchMap":{"0":{"loc":{"start":{"line":6,"column":4},"end":{"line":9,"column":5}},"type":"if","locations":[{"start":{"line":6,"column":4},"end":{"line":9,"column":5}}]}},"s":{"0":1,"1":1,"2":23,"3":23,"4":8,"5":8,"6":15,"7":1},"f":{"0":23},"b":{"0":[8]}}
,"C:\\Users\\gomes\\OneDrive\\Documents\\Proyectos_JavaScript\\Nodejs\\curso_udemy\\cashtracker\\Backend\\src\\models\\Budget.ts": {"path":"C:\\Users\\gomes\\OneDrive\\Documents\\Proyectos_JavaScript\\Nodejs\\curso_udemy\\cashtracker\\Backend\\src\\models\\Budget.ts","statementMap":{"0":{"start":{"line":1,"column":0},"end":{"line":1,"column":112}},"1":{"start":{"line":2,"column":0},"end":{"line":2,"column":31}},"2":{"start":{"line":3,"column":0},"end":{"line":3,"column":25}},"3":{"start":{"line":9,"column":0},"end":{"line":35,"column":null}},"4":{"start":{"line":15,"column":12},"end":{"line":15,"column":null}},"5":{"start":{"line":21,"column":12},"end":{"line":21,"column":null}},"6":{"start":{"line":27,"column":12},"end":{"line":27,"column":null}},"7":{"start":{"line":23,"column":19},"end":{"line":23,"column":26}},"8":{"start":{"line":30,"column":12},"end":{"line":30,"column":null}},"9":{"start":{"line":29,"column":22},"end":{"line":29,"column":26}},"10":{"start":{"line":33,"column":12},"end":{"line":33,"column":null}},"11":{"start":{"line":32,"column":21},"end":{"line":32,"column":25}},"12":{"start":{"line":9,"column":6},"end":{"line":35,"column":null}},"13":{"start":{"line":37,"column":0},"end":{"line":37,"column":null}}},"fnMap":{"0":{"name":"(anonymous_3)","decl":{"start":{"line":23,"column":13},"end":{"line":23,"column":16}},"loc":{"start":{"line":23,"column":19},"end":{"line":23,"column":26}}},"1":{"name":"(anonymous_4)","decl":{"start":{"line":29,"column":16},"end":{"line":29,"column":19}},"loc":{"start":{"line":29,"column":22},"end":{"line":29,"column":26}}},"2":{"name":"(anonymous_5)","decl":{"start":{"line":32,"column":15},"end":{"line":32,"column":18}},"loc":{"start":{"line":32,"column":21},"end":{"line":32,"column":25}}}},"branchMap":{},"s":{"0":3,"1":3,"2":3,"3":3,"4":3,"5":3,"6":3,"7":3,"8":3,"9":2,"10":3,"11":3,"12":3,"13":3},"f":{"0":3,"1":2,"2":3},"b":{}}
,"C:\\Users\\gomes\\OneDrive\\Documents\\Proyectos_JavaScript\\Nodejs\\curso_udemy\\cashtracker\\Backend\\src\\models\\Expense.ts": {"path":"C:\\Users\\gomes\\OneDrive\\Documents\\Proyectos_JavaScript\\Nodejs\\curso_udemy\\cashtracker\\Backend\\src\\models\\Expense.ts","statementMap":{"0":{"start":{"line":1,"column":0},"end":{"line":1,"column":104}},"1":{"start":{"line":2,"column":0},"end":{"line":2,"column":30}},"2":{"start":{"line":8,"column":0},"end":{"line":27,"column":null}},"3":{"start":{"line":14,"column":12},"end":{"line":14,"column":null}},"4":{"start":{"line":20,"column":12},"end":{"line":20,"column":null}},"5":{"start":{"line":23,"column":12},"end":{"line":23,"column":null}},"6":{"start":{"line":22,"column":22},"end":{"line":22,"column":28}},"7":{"start":{"line":26,"column":12},"end":{"line":26,"column":null}},"8":{"start":{"line":25,"column":21},"end":{"line":25,"column":27}},"9":{"start":{"line":8,"column":6},"end":{"line":27,"column":null}},"10":{"start":{"line":29,"column":0},"end":{"line":29,"column":null}}},"fnMap":{"0":{"name":"(anonymous_3)","decl":{"start":{"line":22,"column":16},"end":{"line":22,"column":19}},"loc":{"start":{"line":22,"column":22},"end":{"line":22,"column":28}}},"1":{"name":"(anonymous_4)","decl":{"start":{"line":25,"column":15},"end":{"line":25,"column":18}},"loc":{"start":{"line":25,"column":21},"end":{"line":25,"column":27}}}},"branchMap":{},"s":{"0":3,"1":3,"2":3,"3":3,"4":3,"5":3,"6":2,"7":3,"8":2,"9":3,"10":3},"f":{"0":2,"1":2},"b":{}}
,"C:\\Users\\gomes\\OneDrive\\Documents\\Proyectos_JavaScript\\Nodejs\\curso_udemy\\cashtracker\\Backend\\src\\models\\User.ts": {"path":"C:\\Users\\gomes\\OneDrive\\Documents\\Proyectos_JavaScript\\Nodejs\\curso_udemy\\cashtracker\\Backend\\src\\models\\User.ts","statementMap":{"0":{"start":{"line":1,"column":0},"end":{"line":1,"column":107}},"1":{"start":{"line":2,"column":0},"end":{"line":2,"column":30}},"2":{"start":{"line":11,"column":0},"end":{"line":50,"column":null}},"3":{"start":{"line":17,"column":12},"end":{"line":17,"column":null}},"4":{"start":{"line":23,"column":12},"end":{"line":23,"column":null}},"5":{"start":{"line":30,"column":12},"end":{"line":30,"column":null}},"6":{"start":{"line":35,"column":12},"end":{"line":35,"column":null}},"7":{"start":{"line":42,"column":12},"end":{"line":42,"column":null}},"8":{"start":{"line":48,"column":12},"end":{"line":48,"column":null}},"9":{"start":{"line":44,"column":19},"end":{"line":44,"column":25}},"10":{"start":{"line":11,"column":6},"end":{"line":50,"column":null}},"11":{"start":{"line":52,"column":0},"end":{"line":52,"column":null}}},"fnMap":{"0":{"name":"(anonymous_3)","decl":{"start":{"line":44,"column":13},"end":{"line":44,"column":16}},"loc":{"start":{"line":44,"column":19},"end":{"line":44,"column":25}}}},"branchMap":{},"s":{"0":3,"1":3,"2":3,"3":3,"4":3,"5":3,"6":3,"7":3,"8":3,"9":2,"10":3,"11":3},"f":{"0":2},"b":{}}
,"C:\\Users\\gomes\\OneDrive\\Documents\\Proyectos_JavaScript\\Nodejs\\curso_udemy\\cashtracker\\Backend\\src\\routes\\authRouter.ts": {"path":"C:\\Users\\gomes\\OneDrive\\Documents\\Proyectos_JavaScript\\Nodejs\\curso_udemy\\cashtracker\\Backend\\src\\routes\\authRouter.ts","statementMap":{"0":{"start":{"line":1,"column":0},"end":{"line":1,"column":33}},"1":{"start":{"line":2,"column":0},"end":{"line":2,"column":48}},"2":{"start":{"line":3,"column":0},"end":{"line":3,"column":62}},"3":{"start":{"line":4,"column":0},"end":{"line":4,"column":61}},"4":{"start":{"line":5,"column":0},"end":{"line":5,"column":44}},"5":{"start":{"line":6,"column":0},"end":{"line":6,"column":50}},"6":{"start":{"line":10,"column":15},"end":{"line":10,"column":23}},"7":{"start":{"line":12,"column":0},"end":{"line":12,"column":null}},"8":{"start":{"line":14,"column":0},"end":{"line":19,"column":null}},"9":{"start":{"line":21,"column":0},"end":{"line":26,"column":null}},"10":{"start":{"line":28,"column":0},"end":{"line":32,"column":null}},"11":{"start":{"line":34,"column":0},"end":{"line":38,"column":null}},"12":{"start":{"line":40,"column":0},"end":{"line":46,"column":null}},"13":{"start":{"line":48,"column":0},"end":{"line":58,"column":null}},"14":{"start":{"line":60,"column":0},"end":{"line":63,"column":null}},"15":{"start":{"line":65,"column":0},"end":{"line":74,"column":null}},"16":{"start":{"line":76,"column":0},"end":{"line":82,"column":null}},"17":{"start":{"line":83,"column":0},"end":{"line":83,"column":null}}},"fnMap":{},"branchMap":{},"s":{"0":1,"1":1,"2":1,"3":1,"4":1,"5":1,"6":1,"7":1,"8":1,"9":1,"10":1,"11":1,"12":1,"13":1,"14":1,"15":1,"16":1,"17":1},"f":{},"b":{}}
,"C:\\Users\\gomes\\OneDrive\\Documents\\Proyectos_JavaScript\\Nodejs\\curso_udemy\\cashtracker\\Backend\\src\\routes\\budgetRouter.ts": {"path":"C:\\Users\\gomes\\OneDrive\\Documents\\Proyectos_JavaScript\\Nodejs\\curso_udemy\\cashtracker\\Backend\\src\\routes\\budgetRouter.ts","statementMap":{"0":{"start":{"line":1,"column":0},"end":{"line":1,"column":33}},"1":{"start":{"line":3,"column":0},"end":{"line":3,"column":66}},"2":{"start":{"line":4,"column":0},"end":{"line":4,"column":61}},"3":{"start":{"line":5,"column":0},"end":{"line":5,"column":107}},"4":{"start":{"line":6,"column":0},"end":{"line":6,"column":69}},"5":{"start":{"line":7,"column":0},"end":{"line":7,"column":103}},"6":{"start":{"line":8,"column":0},"end":{"line":8,"column":50}},"7":{"start":{"line":9,"column":15},"end":{"line":9,"column":23}},"8":{"start":{"line":12,"column":0},"end":{"line":12,"column":null}},"9":{"start":{"line":15,"column":0},"end":{"line":15,"column":null}},"10":{"start":{"line":17,"column":0},"end":{"line":17,"column":null}},"11":{"start":{"line":19,"column":0},"end":{"line":19,"column":null}},"12":{"start":{"line":21,"column":0},"end":{"line":21,"column":null}},"13":{"start":{"line":22,"column":0},"end":{"line":22,"column":null}},"14":{"start":{"line":25,"column":0},"end":{"line":25,"column":null}},"15":{"start":{"line":27,"column":0},"end":{"line":27,"column":null}},"16":{"start":{"line":29,"column":0},"end":{"line":29,"column":null}},"17":{"start":{"line":31,"column":0},"end":{"line":31,"column":null}},"18":{"start":{"line":33,"column":0},"end":{"line":33,"column":null}},"19":{"start":{"line":39,"column":0},"end":{"line":39,"column":null}},"20":{"start":{"line":41,"column":0},"end":{"line":41,"column":null}},"21":{"start":{"line":43,"column":0},"end":{"line":43,"column":null}},"22":{"start":{"line":45,"column":0},"end":{"line":45,"column":null}},"23":{"start":{"line":47,"column":0},"end":{"line":47,"column":null}}},"fnMap":{},"branchMap":{},"s":{"0":1,"1":1,"2":1,"3":1,"4":1,"5":1,"6":1,"7":1,"8":1,"9":1,"10":1,"11":1,"12":1,"13":1,"14":1,"15":1,"16":1,"17":1,"18":1,"19":1,"20":1,"21":1,"22":1,"23":1},"f":{},"b":{}}
,"C:\\Users\\gomes\\OneDrive\\Documents\\Proyectos_JavaScript\\Nodejs\\curso_udemy\\cashtracker\\Backend\\src\\tests\\mocks\\budgets.ts": {"path":"C:\\Users\\gomes\\OneDrive\\Documents\\Proyectos_JavaScript\\Nodejs\\curso_udemy\\cashtracker\\Backend\\src\\tests\\mocks\\budgets.ts","statementMap":{"0":{"start":{"line":1,"column":13},"end":{"line":71,"column":2}}},"fnMap":{},"branchMap":{},"s":{"0":3},"f":{},"b":{}}
,"C:\\Users\\gomes\\OneDrive\\Documents\\Proyectos_JavaScript\\Nodejs\\curso_udemy\\cashtracker\\Backend\\src\\tests\\mocks\\expenses.ts": {"path":"C:\\Users\\gomes\\OneDrive\\Documents\\Proyectos_JavaScript\\Nodejs\\curso_udemy\\cashtracker\\Backend\\src\\tests\\mocks\\expenses.ts","statementMap":{"0":{"start":{"line":1,"column":13},"end":{"line":26,"column":null}}},"fnMap":{},"branchMap":{},"s":{"0":2},"f":{},"b":{}}
,"C:\\Users\\gomes\\OneDrive\\Documents\\Proyectos_JavaScript\\Nodejs\\curso_udemy\\cashtracker\\Backend\\src\\utils\\auth.ts": {"path":"C:\\Users\\gomes\\OneDrive\\Documents\\Proyectos_JavaScript\\Nodejs\\curso_udemy\\cashtracker\\Backend\\src\\utils\\auth.ts","statementMap":{"0":{"start":{"line":1,"column":0},"end":{"line":1,"column":27}},"1":{"start":{"line":3,"column":27},"end":{"line":6,"column":1}},"2":{"start":{"line":4,"column":17},"end":{"line":4,"column":41}},"3":{"start":{"line":5,"column":4},"end":{"line":5,"column":null}},"4":{"start":{"line":3,"column":13},"end":{"line":3,"column":27}},"5":{"start":{"line":8,"column":29},"end":{"line":10,"column":1}},"6":{"start":{"line":9,"column":4},"end":{"line":9,"column":null}},"7":{"start":{"line":8,"column":13},"end":{"line":8,"column":29}}},"fnMap":{"0":{"name":"(anonymous_1)","decl":{"start":{"line":3,"column":27},"end":{"line":3,"column":32}},"loc":{"start":{"line":3,"column":54},"end":{"line":6,"column":1}}},"1":{"name":"(anonymous_2)","decl":{"start":{"line":8,"column":29},"end":{"line":8,"column":34}},"loc":{"start":{"line":8,"column":70},"end":{"line":10,"column":1}}}},"branchMap":{},"s":{"0":2,"1":2,"2":1,"3":1,"4":2,"5":2,"6":5,"7":2},"f":{"0":1,"1":5},"b":{}}
,"C:\\Users\\gomes\\OneDrive\\Documents\\Proyectos_JavaScript\\Nodejs\\curso_udemy\\cashtracker\\Backend\\src\\utils\\jwt.ts": {"path":"C:\\Users\\gomes\\OneDrive\\Documents\\Proyectos_JavaScript\\Nodejs\\curso_udemy\\cashtracker\\Backend\\src\\utils\\jwt.ts","statementMap":{"0":{"start":{"line":1,"column":0},"end":{"line":1,"column":30}},"1":{"start":{"line":2,"column":0},"end":{"line":2,"column":27}},"2":{"start":{"line":3,"column":0},"end":{"line":3,"column":null}},"3":{"start":{"line":5,"column":27},"end":{"line":10,"column":1}},"4":{"start":{"line":6,"column":18},"end":{"line":8,"column":6}},"5":{"start":{"line":9,"column":4},"end":{"line":9,"column":17}},"6":{"start":{"line":5,"column":13},"end":{"line":5,"column":27}}},"fnMap":{"0":{"name":"(anonymous_1)","decl":{"start":{"line":5,"column":27},"end":{"line":5,"column":28}},"loc":{"start":{"line":5,"column":42},"end":{"line":10,"column":1}}}},"branchMap":{},"s":{"0":2,"1":2,"2":2,"3":2,"4":5,"5":5,"6":2},"f":{"0":5},"b":{}}
,"C:\\Users\\gomes\\OneDrive\\Documents\\Proyectos_JavaScript\\Nodejs\\curso_udemy\\cashtracker\\Backend\\src\\utils\\token.ts": {"path":"C:\\Users\\gomes\\OneDrive\\Documents\\Proyectos_JavaScript\\Nodejs\\curso_udemy\\cashtracker\\Backend\\src\\utils\\token.ts","statementMap":{"0":{"start":{"line":3,"column":29},"end":{"line":3,"column":89}},"1":{"start":{"line":3,"column":35},"end":{"line":3,"column":89}},"2":{"start":{"line":3,"column":13},"end":{"line":3,"column":29}}},"fnMap":{"0":{"name":"(anonymous_0)","decl":{"start":{"line":3,"column":29},"end":{"line":3,"column":32}},"loc":{"start":{"line":3,"column":35},"end":{"line":3,"column":89}}}},"branchMap":{},"s":{"0":2,"1":1,"2":2},"f":{"0":1},"b":{}}
}
